MIF/HEX Update report for multicycle
Wed Mar 23 16:11:04 2016
Quartus II 64-Bit Version 15.0.0 Build 145 04/22/2015 SJ Web Edition


---------------------
; Table of Contents ;
---------------------
  1. Legal Notice
  2. MIF/HEX Update Summary
  3. MIF/HEX Update Processed Files
  4. MIF/HEX Update Messages



----------------
; Legal Notice ;
----------------
Copyright (C) 1991-2015 Altera Corporation. All rights reserved.
Your use of Altera Corporation's design tools, logic functions 
and other software and tools, and its AMPP partner logic 
functions, and any output files from any of the foregoing 
(including device programming or simulation files), and any 
associated documentation or information are expressly subject 
to the terms and conditions of the Altera Program License 
Subscription Agreement, the Altera Quartus II License Agreement,
the Altera MegaCore Function License Agreement, or other 
applicable license agreement, including, without limitation, 
that your use is for the sole purpose of programming logic 
devices manufactured by Altera and sold by Altera or its 
authorized distributors.  Please refer to the applicable 
agreement for further details.



+-----------------------------------------------------------+
; MIF/HEX Update Summary                                    ;
+-----------------------+-----------------------------------+
; MIF/HEX Update Status ; Failed - Wed Mar 23 16:11:04 2016 ;
; Revision Name         ; multicycle                        ;
; Top-level Entity Name ; multicycle                        ;
; Family                ; Cyclone V                         ;
; Device                ; 5CSEMA5F31C6                      ;
+-----------------------+-----------------------------------+


+--------------------------------+
; MIF/HEX Update Processed Files ;
+--------------------------------+
; File Name                      ;
+--------------------------------+


+-------------------------+
; MIF/HEX Update Messages ;
+-------------------------+
Info: *******************************************************************
Info: Running Quartus II 64-Bit MIF/HEX Update
    Info: Version 15.0.0 Build 145 04/22/2015 SJ Web Edition
    Info: Processing started: Wed Mar 23 16:11:02 2016
Info: Command: quartus_cdb multicycle -c multicycle --update_mif
Error (113025): Missing syntax END in the Memory Initialization File "data.mif" File: X:/Documents/GitHub/Lego-Lathe/Refrence Files/Lab7_MulticycleCPU/multicycle/data.mif Line: 1
Critical Warning (127002): Can't read Memory Initialization File or Hexadecimal (Intel-Format) File X:/Documents/GitHub/Lego-Lathe/Refrence Files/Lab7_MulticycleCPU/multicycle/data.mif -- setting all initial values to 0
Error (39022): Found no valid Memory Initialization File to process
Error: Quartus II 64-Bit MIF/HEX Update was unsuccessful. 2 errors, 1 warning
    Error: Peak virtual memory: 815 megabytes
    Error: Processing ended: Wed Mar 23 16:11:04 2016
    Error: Elapsed time: 00:00:02
    Error: Total CPU time (on all processors): 00:00:02


